{"uuid":"d4f2e777-3668-4ef6-8006-88466a7d2ed4","historyId":"8d151999aa12dc270e51bbe06b4eb894","fullName":"src/test/resources/test.feature:20","labels":[{"name":"tag","value":"test"},{"name":"host","value":"BANU-MacBook-Pro.local"},{"name":"thread","value":"7902@BANU-MacBook-Pro.local.main(1)"},{"name":"feature","value":"User should be able to log in to website"},{"name":"story","value":"User enters valid username and unvalid password to log in (Negative Test Case Designed to Fail)"},{"name":"suite","value":"User should be able to log in to website"},{"name":"testClass","value":"User enters valid username and unvalid password to log in (Negative Test Case Designed to Fail)"},{"name":"framework","value":"cucumber4jvm"},{"name":"language","value":"java"},{"name":"gherkin_uri","value":"file:///Users/banuyurdakul/Desktop/allure_reports/src/test/resources/test.feature"},{"name":"package","value":"src.test.resources.test_feature.User should be able to log in to website"}],"links":[],"name":"User enters valid username and unvalid password to log in (Negative Test Case Designed to Fail)","status":"failed","statusDetails":{"known":false,"muted":false,"flaky":false,"message":"java.lang.AssertionError","trace":"java.lang.AssertionError\n\tat org.junit.Assert.fail(Assert.java:87)\n\tat org.junit.Assert.assertTrue(Assert.java:42)\n\tat org.junit.Assert.assertFalse(Assert.java:65)\n\tat org.junit.Assert.assertFalse(Assert.java:75)\n\tat stepdefinitions.Step_Defs.userConfirmsThatLoginIsNotSuccesful(Step_Defs.java:56)\n\tat ✽.User confirms that login is not succesful(file:///Users/banuyurdakul/Desktop/allure_reports/src/test/resources/test.feature:25)\n"},"stage":"finished","description":"  Scenario : User enters valid username and valid password to log in (Positive Test Case)\n    Given User visits the automation exercise page\n    And   User clicks the practice link\n    And   User clicks the Test Login Page button\n    When  User tries to log in with \"validUsername\" and \"validPassword\"\n    Then  User confirms that login is succesful\n    And   User quits the browser","steps":[{"name":"Given  User visits the automation exercise page","status":"passed","statusDetails":{"known":false,"muted":false,"flaky":false},"stage":"finished","steps":[],"attachments":[],"parameters":[],"start":1698666183846,"stop":1698666195215},{"name":"And  User clicks the practice link","status":"passed","statusDetails":{"known":false,"muted":false,"flaky":false},"stage":"finished","steps":[],"attachments":[],"parameters":[],"start":1698666195215,"stop":1698666197726},{"name":"And  User clicks the Test Login Page button","status":"passed","statusDetails":{"known":false,"muted":false,"flaky":false},"stage":"finished","steps":[],"attachments":[],"parameters":[],"start":1698666197727,"stop":1698666198829},{"name":"When  User tries to log in with \"unvalidUsername\" and \"validPassword\"","status":"passed","statusDetails":{"known":false,"muted":false,"flaky":false},"stage":"finished","steps":[],"attachments":[],"parameters":[],"start":1698666198829,"stop":1698666199928},{"name":"Then  User confirms that login is not succesful","status":"failed","statusDetails":{"known":false,"muted":false,"flaky":false,"message":"java.lang.AssertionError","trace":"java.lang.AssertionError\n\tat org.junit.Assert.fail(Assert.java:87)\n\tat org.junit.Assert.assertTrue(Assert.java:42)\n\tat org.junit.Assert.assertFalse(Assert.java:65)\n\tat org.junit.Assert.assertFalse(Assert.java:75)\n\tat stepdefinitions.Step_Defs.userConfirmsThatLoginIsNotSuccesful(Step_Defs.java:56)\n\tat ✽.User confirms that login is not succesful(file:///Users/banuyurdakul/Desktop/allure_reports/src/test/resources/test.feature:25)\n"},"stage":"finished","steps":[],"attachments":[],"parameters":[],"start":1698666199928,"stop":1698666201020},{"name":"And  User quits the browser","status":"skipped","statusDetails":{"known":false,"muted":false,"flaky":false},"stage":"finished","steps":[],"attachments":[],"parameters":[],"start":1698666201023,"stop":1698666201025}],"attachments":[],"parameters":[],"start":1698666183845,"stop":1698666201528}